<?xml version="1.0" encoding="UTF-8"?>
<!-- Generated by org.testng.reporters.JUnitReportReporter -->
<testsuite name="Scripts.ScriptExecution" tests="56" time="128.165" ignored="0" failures="0" timestamp="21 Dec 2017 07:44:54 GMT" skipped="0" hostname="Virat-pc" errors="0">
  <testcase name="VerifyValue2fieldWithBetweenCondition" time="0.406" classname="Scripts.ScriptExecution"/>
  <testcase name="OpenExportdatawindow" time="5.404" classname="Scripts.ScriptExecution"/>
  <testcase name="EnterIncorrectDataAndValidate" time="6.166" classname="Scripts.ScriptExecution"/>
  <testcase name="VerifyDataSearchTooltip" time="0.087" classname="Scripts.ScriptExecution"/>
  <testcase name="VerifyValue1fieldWithSpecialChar" time="0.833" classname="Scripts.ScriptExecution"/>
  <testcase name="VerifyValue2fieldDissable" time="2.232" classname="Scripts.ScriptExecution"/>
  <testcase name="ExportDataPresence" time="2.944" classname="Scripts.ScriptExecution"/>
  <testcase name="VerifyMoveFieldFromColumn1ToColumn2" time="3.755" classname="Scripts.ScriptExecution"/>
  <testcase name="LoadAllRepositoriesAndEnterURL" time="12.023" classname="Scripts.ScriptExecution"/>
  <testcase name="VerifyCompleteTooltip" time="0.060" classname="Scripts.ScriptExecution"/>
  <testcase name="VerifyWithHeaderFunctionality" time="2.933" classname="Scripts.ScriptExecution"/>
  <testcase name="NavigatingToPreviousPageFormCompletePage" time="3.612" classname="Scripts.ScriptExecution"/>
  <testcase name="VerifyORconditionButton" time="2.081" classname="Scripts.ScriptExecution"/>
  <testcase name="ValidateWithQuoteIsDissable" time="0.313" classname="Scripts.ScriptExecution"/>
  <testcase name="ValidateFileIsDownloaded" time="3.843" classname="Scripts.ScriptExecution"/>
  <testcase name="NavigateToExportPage" time="2.912" classname="Scripts.ScriptExecution"/>
  <testcase name="selectconditionfield" time="0.231" classname="Scripts.ScriptExecution"/>
  <testcase name="ValidateExportDataMessageWithCondition" time="0.087" classname="Scripts.ScriptExecution"/>
  <testcase name="VerifySelectPageFields" time="4.940" classname="Scripts.ScriptExecution"/>
  <testcase name="TextFileType_SeparatorFieldIsEnabled" time="0.302" classname="Scripts.ScriptExecution"/>
  <testcase name="VerifyWithQuoteFunctionality" time="2.544" classname="Scripts.ScriptExecution"/>
  <testcase name="LoginToApp" time="8.678" classname="Scripts.ScriptExecution"/>
  <testcase name="VerifyConditionPageTitle" time="0.277" classname="Scripts.ScriptExecution"/>
  <testcase name="SelectValuefromFieldValue" time="0.429" classname="Scripts.ScriptExecution"/>
  <testcase name="VerifyAddRowButtonWithMultipleRows" time="2.297" classname="Scripts.ScriptExecution"/>
  <testcase name="VerifyNextbuttonWithoutSelectingForm" time="0.921" classname="Scripts.ScriptExecution"/>
  <testcase name="ExportFileDataTypeAsText" time="0.251" classname="Scripts.ScriptExecution"/>
  <testcase name="VerifyFileNamewithTEXTFiletype" time="2.260" classname="Scripts.ScriptExecution"/>
  <testcase name="VerifyFileNamewithCSVFiletype" time="2.273" classname="Scripts.ScriptExecution"/>
  <testcase name="VerifyFormSelectPresenceOfData" time="1.220" classname="Scripts.ScriptExecution"/>
  <testcase name="NavigateToFilterPageToCheckData" time="2.364" classname="Scripts.ScriptExecution"/>
  <testcase name="NavigatingToCompletePageThroughIcons" time="2.288" classname="Scripts.ScriptExecution"/>
  <testcase name="VerifyFilterTooltip" time="0.088" classname="Scripts.ScriptExecution"/>
  <testcase name="NavigatingThroughIcons" time="2.374" classname="Scripts.ScriptExecution"/>
  <testcase name="VerifyMoveFieldFromColumn2ToColumn1" time="3.061" classname="Scripts.ScriptExecution"/>
  <testcase name="SkipConditionPage" time="2.811" classname="Scripts.ScriptExecution"/>
  <testcase name="VerifyConditionDropdown" time="0.894" classname="Scripts.ScriptExecution"/>
  <testcase name="VerifyBothButtonAreSelected" time="0.078" classname="Scripts.ScriptExecution"/>
  <testcase name="VerifyValidValue1field" time="0.298" classname="Scripts.ScriptExecution"/>
  <testcase name="VerifyExportTooltip" time="0.057" classname="Scripts.ScriptExecution"/>
  <testcase name="VerifyNextButtonFunctionalityWithoutFields" time="0.919" classname="Scripts.ScriptExecution"/>
  <testcase name="VerifyADDconditionButton" time="2.081" classname="Scripts.ScriptExecution"/>
  <testcase name="VerifyingDoneButton" time="2.943" classname="Scripts.ScriptExecution"/>
  <testcase name="NavigateToDataSearchpage" time="2.484" classname="Scripts.ScriptExecution"/>
  <testcase name="VerifyConditionSelectField" time="1.835" classname="Scripts.ScriptExecution"/>
  <testcase name="NavigatingToCompletePage" time="2.507" classname="Scripts.ScriptExecution"/>
  <testcase name="VerifyAddRowButton" time="4.527" classname="Scripts.ScriptExecution"/>
  <testcase name="ExportFileDataTypeAsCSV" time="0.442" classname="Scripts.ScriptExecution"/>
  <testcase name="VerifyNextButtonFunctionalityWithFields" time="5.512" classname="Scripts.ScriptExecution"/>
  <testcase name="VerfiySeparatorFieldisDissabled" time="2.081" classname="Scripts.ScriptExecution"/>
  <testcase name="ValidateExportDataMessageWithoutCondition" time="5.596" classname="Scripts.ScriptExecution"/>
  <testcase name="VerifyRemoveRowButton" time="0.981" classname="Scripts.ScriptExecution"/>
  <testcase name="VerfiyMandatoryFields" time="0.100" classname="Scripts.ScriptExecution"/>
  <testcase name="VerifyFileNameWithPageName" time="0.047" classname="Scripts.ScriptExecution"/>
  <testcase name="VerifyPresenceofDataonExportPage" time="3.215" classname="Scripts.ScriptExecution"/>
  <testcase name="VerifyNavigatingToNextPageWithoutFileName" time="2.268" classname="Scripts.ScriptExecution"/>
</testsuite> <!-- Scripts.ScriptExecution -->
