<?xml version="1.0" encoding="UTF-8"?>
<!-- Generated by org.testng.reporters.JUnitReportReporter -->
<testsuite name="Scripts.ScriptExecution" tests="55" time="116.109" ignored="0" failures="0" timestamp="21 Dec 2017 07:19:43 GMT" skipped="0" hostname="Virat-pc" errors="0">
  <testcase name="VerifyValue2fieldWithBetweenCondition" time="0.269" classname="Scripts.ScriptExecution"/>
  <testcase name="OpenExportdatawindow" time="5.326" classname="Scripts.ScriptExecution"/>
  <testcase name="EnterIncorrectDataAndValidate" time="3.738" classname="Scripts.ScriptExecution"/>
  <testcase name="VerifyDataSearchTooltip" time="0.213" classname="Scripts.ScriptExecution"/>
  <testcase name="VerifyValue1fieldWithSpecialChar" time="0.538" classname="Scripts.ScriptExecution"/>
  <testcase name="VerifyValue2fieldDissable" time="2.084" classname="Scripts.ScriptExecution"/>
  <testcase name="ExportDataPresence" time="2.576" classname="Scripts.ScriptExecution"/>
  <testcase name="VerifyMoveFieldFromColumn1ToColumn2" time="3.830" classname="Scripts.ScriptExecution"/>
  <testcase name="LoadAllRepositoriesAndEnterURL" time="13.133" classname="Scripts.ScriptExecution"/>
  <testcase name="VerifyCompleteTooltip" time="0.048" classname="Scripts.ScriptExecution"/>
  <testcase name="VerifyWithHeaderFunctionality" time="3.053" classname="Scripts.ScriptExecution"/>
  <testcase name="NavigatingToPreviousPageFormCompletePage" time="2.493" classname="Scripts.ScriptExecution"/>
  <testcase name="VerifyORconditionButton" time="2.071" classname="Scripts.ScriptExecution"/>
  <testcase name="ValidateWithQuoteIsDissable" time="0.197" classname="Scripts.ScriptExecution"/>
  <testcase name="ValidateFileIsDownloaded" time="4.023" classname="Scripts.ScriptExecution"/>
  <testcase name="NavigateToExportPage" time="2.448" classname="Scripts.ScriptExecution"/>
  <testcase name="selectconditionfield" time="0.249" classname="Scripts.ScriptExecution"/>
  <testcase name="ValidateExportDataMessageWithCondition" time="0.065" classname="Scripts.ScriptExecution"/>
  <testcase name="VerifySelectPageFields" time="4.614" classname="Scripts.ScriptExecution"/>
  <testcase name="TextFileType_SeparatorFieldIsEnabled" time="0.241" classname="Scripts.ScriptExecution"/>
  <testcase name="VerifyWithQuoteFunctionality" time="2.401" classname="Scripts.ScriptExecution"/>
  <testcase name="LoginToApp" time="9.513" classname="Scripts.ScriptExecution"/>
  <testcase name="VerifyConditionPageTitle" time="0.089" classname="Scripts.ScriptExecution"/>
  <testcase name="SelectValuefromFieldValue" time="0.259" classname="Scripts.ScriptExecution"/>
  <testcase name="VerifyAddRowButtonWithMultipleRows" time="2.206" classname="Scripts.ScriptExecution"/>
  <testcase name="VerifyNextbuttonWithoutSelectingForm" time="1.001" classname="Scripts.ScriptExecution"/>
  <testcase name="ExportFileDataTypeAsText" time="0.199" classname="Scripts.ScriptExecution"/>
  <testcase name="VerifyFileNamewithTEXTFiletype" time="2.182" classname="Scripts.ScriptExecution"/>
  <testcase name="VerifyFileNamewithCSVFiletype" time="2.229" classname="Scripts.ScriptExecution"/>
  <testcase name="VerifyFormSelectPresenceOfData" time="1.010" classname="Scripts.ScriptExecution"/>
  <testcase name="NavigateToFilterPageToCheckData" time="2.320" classname="Scripts.ScriptExecution"/>
  <testcase name="NavigatingToCompletePageThroughIcons" time="2.279" classname="Scripts.ScriptExecution"/>
  <testcase name="VerifyFilterTooltip" time="0.047" classname="Scripts.ScriptExecution"/>
  <testcase name="NavigatingThroughIcons" time="2.392" classname="Scripts.ScriptExecution"/>
  <testcase name="VerifyMoveFieldFromColumn2ToColumn1" time="2.980" classname="Scripts.ScriptExecution"/>
  <testcase name="SkipConditionPage" time="2.366" classname="Scripts.ScriptExecution"/>
  <testcase name="VerifyConditionDropdown" time="0.576" classname="Scripts.ScriptExecution"/>
  <testcase name="VerifyBothButtonAreSelected" time="0.046" classname="Scripts.ScriptExecution"/>
  <testcase name="VerifyValidValue1field" time="0.216" classname="Scripts.ScriptExecution"/>
  <testcase name="VerifyExportTooltip" time="0.051" classname="Scripts.ScriptExecution"/>
  <testcase name="VerifyNextButtonFunctionalityWithoutFields" time="0.422" classname="Scripts.ScriptExecution"/>
  <testcase name="VerifyADDconditionButton" time="2.087" classname="Scripts.ScriptExecution"/>
  <testcase name="NavigateToDataSearchpage" time="2.293" classname="Scripts.ScriptExecution"/>
  <testcase name="VerifyConditionSelectField" time="1.725" classname="Scripts.ScriptExecution"/>
  <testcase name="NavigatingToCompletePage" time="2.512" classname="Scripts.ScriptExecution"/>
  <testcase name="VerifyAddRowButton" time="4.432" classname="Scripts.ScriptExecution"/>
  <testcase name="ExportFileDataTypeAsCSV" time="0.213" classname="Scripts.ScriptExecution"/>
  <testcase name="VerifyNextButtonFunctionalityWithFields" time="5.002" classname="Scripts.ScriptExecution"/>
  <testcase name="VerfiySeparatorFieldisDissabled" time="2.064" classname="Scripts.ScriptExecution"/>
  <testcase name="ValidateExportDataMessageWithoutCondition" time="5.422" classname="Scripts.ScriptExecution"/>
  <testcase name="VerifyRemoveRowButton" time="0.706" classname="Scripts.ScriptExecution"/>
  <testcase name="VerfiyMandatoryFields" time="0.086" classname="Scripts.ScriptExecution"/>
  <testcase name="VerifyFileNameWithPageName" time="0.030" classname="Scripts.ScriptExecution"/>
  <testcase name="VerifyPresenceofDataonExportPage" time="2.049" classname="Scripts.ScriptExecution"/>
  <testcase name="VerifyNavigatingToNextPageWithoutFileName" time="1.495" classname="Scripts.ScriptExecution"/>
</testsuite> <!-- Scripts.ScriptExecution -->
